<?xml version="1.0" encoding="UTF-8"?>
<!-- Generated by org.testng.reporters.JUnitReportReporter -->
<testsuite skipped="0" hostname="DESKTOP-TTF5PGV" name="orangehrmlive.NewTest" tests="5" failures="0" timestamp="30 Sep 2019 12:09:42 GMT" time="27.054" errors="0">
  <testcase name="openbrowser" time="13.774" classname="orangehrmlive.NewTest"/>
  <testcase name="login" time="6.268" classname="orangehrmlive.NewTest"/>
  <testcase name="admintest" time="2.284" classname="orangehrmlive.NewTest"/>
  <testcase name="pimtest" time="0.909" classname="orangehrmlive.NewTest"/>
  <testcase name="logouttest" time="3.819" classname="orangehrmlive.NewTest"/>
</testsuite> <!-- orangehrmlive.NewTest -->
